2012/05/20 16:09:34 [warning] [application] Failed to set unsafe attribute "modified_at" of "Test".
in /var/www/html/yii/cms/protected/controllers/TestController.php (21)
in /var/www/html/yii/cms/index.php (18)
2012/05/20 16:11:01 [warning] [application] Failed to set unsafe attribute "modified_at" of "Test".
in /var/www/html/yii/cms/protected/controllers/TestController.php (47)
in /var/www/html/yii/cms/index.php (18)
2012/05/20 16:11:14 [warning] [application] Failed to set unsafe attribute "modified_at" of "Test".
in /var/www/html/yii/cms/protected/controllers/TestController.php (47)
in /var/www/html/yii/cms/index.php (18)
2012/05/20 16:11:14 [error] [exception.CHttpException.404] exception 'CHttpException' with message 'The system is unable to find the requested action "image".' in /var/www/html/yii/framework/web/CController.php:484
Stack trace:
#0 /var/www/html/yii/framework/web/CController.php(271): CController->missingAction('image')
#1 /var/www/html/yii/framework/web/CWebApplication.php(276): CController->run('image')
#2 /var/www/html/yii/framework/web/CWebApplication.php(135): CWebApplication->runController('test/image')
#3 /var/www/html/yii/framework/base/CApplication.php(162): CWebApplication->processRequest()
#4 /var/www/html/yii/cms/index.php(18): CApplication->run()
#5 {main}
REQUEST_URI=/yii/cms/test/image
HTTP_REFERER=http://localhost/yii/cms/test/2
---
2012/05/20 16:11:29 [error] [exception.CHttpException.404] exception 'CHttpException' with message 'The system is unable to find the requested action "image".' in /var/www/html/yii/framework/web/CController.php:484
Stack trace:
#0 /var/www/html/yii/framework/web/CController.php(271): CController->missingAction('image')
#1 /var/www/html/yii/framework/web/CWebApplication.php(276): CController->run('image')
#2 /var/www/html/yii/framework/web/CWebApplication.php(135): CWebApplication->runController('test/image')
#3 /var/www/html/yii/framework/base/CApplication.php(162): CWebApplication->processRequest()
#4 /var/www/html/yii/cms/index.php(18): CApplication->run()
#5 {main}
REQUEST_URI=/yii/cms/test/image
HTTP_REFERER=http://localhost/yii/cms/test/2
---
